07-13-2009 21:34 : DTC Install error = 0, Entering DeployDtc, d:\w7rtm\com\complus\dtc\dtc\adme\deployment.cpp (55) 
07-13-2009 21:34 : DTC Install error = 0, InstallContacts, Enter, d:\w7rtm\com\complus\dtc\dtc\adme\deployment.cpp (297) 
07-13-2009 21:34 : DTC Install error = 0, InstallContacts, Exit, d:\w7rtm\com\complus\dtc\dtc\adme\deployment.cpp (376) 
07-13-2009 21:34 : DTC Install error = 0, DeployDtc: Calling SetSddlOnResources, d:\w7rtm\com\complus\dtc\dtc\adme\deployment.cpp (123) 
07-13-2009 21:34 : DTC Install error = 0, DeployDtc: SetSddlOnResources finished, d:\w7rtm\com\complus\dtc\dtc\adme\deployment.cpp (132) 
07-13-2009 21:34 : DTC Install error = 0, Exiting DeployDtc, d:\w7rtm\com\complus\dtc\dtc\adme\deployment.cpp (139) 
07-13-2009 21:55 : DTC Install error = 0, SysPrepDtcCleanup : Enter, d:\w7rtm\com\complus\dtc\dtc\adme\deployment.cpp (1763) 
07-13-2009 21:55 : DTC Install error = 0, SysPrepDtcCleanup : Exit, d:\w7rtm\com\complus\dtc\dtc\adme\deployment.cpp (1814) 
07-13-2009 21:55 : DTC Install error = 0, SysPrepDtcGeneralize : Enter, d:\w7rtm\com\complus\dtc\dtc\adme\deployment.cpp (1820) 
07-13-2009 21:55 : DTC Install error = 0, SysPrepDtcGeneralize : Exit, d:\w7rtm\com\complus\dtc\dtc\adme\deployment.cpp (1891) 
05-24-2011 11:14 : DTC Install error = 0, SysPrepDtcSpecialize : Enter, d:\w7rtm\com\complus\dtc\dtc\adme\deployment.cpp (1897) 
05-24-2011 11:14 : DTC Install error = 0, InstallContacts, Enter, d:\w7rtm\com\complus\dtc\dtc\adme\deployment.cpp (297) 
05-24-2011 11:14 : DTC Install error = 0, InstallContacts, Exit, d:\w7rtm\com\complus\dtc\dtc\adme\deployment.cpp (376) 
05-24-2011 11:14 : DTC Install error = 0, SysPrepDtcSpecialize : Exit, d:\w7rtm\com\complus\dtc\dtc\adme\deployment.cpp (1959) 
11-14-2011 14:07 : DTC Install error = 0, SysPrepDtcCleanup : Enter, d:\w7rtm\com\complus\dtc\dtc\adme\deployment.cpp (1763) 
11-14-2011 14:07 : DTC Install error = 0, SysPrepDtcCleanup : Exit, d:\w7rtm\com\complus\dtc\dtc\adme\deployment.cpp (1814) 
11-14-2011 14:07 : DTC Install error = 0, SysPrepDtcGeneralize : Enter, d:\w7rtm\com\complus\dtc\dtc\adme\deployment.cpp (1820) 
11-14-2011 14:07 : DTC Install error = 0, SysPrepDtcGeneralize : Exit, d:\w7rtm\com\complus\dtc\dtc\adme\deployment.cpp (1891) 
11-14-2011 14:10 : DTC Install error = 0, SysPrepDtcSpecialize : Enter, d:\w7rtm\com\complus\dtc\dtc\adme\deployment.cpp (1897) 
11-14-2011 14:10 : DTC Install error = 0, InstallContacts, Enter, d:\w7rtm\com\complus\dtc\dtc\adme\deployment.cpp (297) 
11-14-2011 14:10 : DTC Install error = 0, InstallContacts, Exit, d:\w7rtm\com\complus\dtc\dtc\adme\deployment.cpp (376) 
11-14-2011 14:10 : DTC Install error = 0, SysPrepDtcSpecialize : Exit, d:\w7rtm\com\complus\dtc\dtc\adme\deployment.cpp (1959) 
11-14-2011 14:11 : DTC Install error = 0, SysPrepDtcSpecialize : Enter, d:\w7rtm\com\complus\dtc\dtc\adme\deployment.cpp (1897) 
11-14-2011 14:11 : DTC Install error = 0, SysprepDtcSpecialize: SysprepInProgress == 0. DTC has been already specialized., d:\w7rtm\com\complus\dtc\dtc\adme\deployment.cpp (1915) 
11-14-2011 14:11 : DTC Install error = 0, SysPrepDtcSpecialize : Exit, d:\w7rtm\com\complus\dtc\dtc\adme\deployment.cpp (1959) 
11-15-2011 13:51 : DTC Install error = 0, SysPrepDtcCleanup : Enter, d:\w7rtm\com\complus\dtc\dtc\adme\deployment.cpp (1763) 
11-15-2011 13:51 : DTC Install error = 0, SysPrepDtcCleanup : Exit, d:\w7rtm\com\complus\dtc\dtc\adme\deployment.cpp (1814) 
11-15-2011 13:51 : DTC Install error = 0, SysPrepDtcGeneralize : Enter, d:\w7rtm\com\complus\dtc\dtc\adme\deployment.cpp (1820) 
11-15-2011 13:51 : DTC Install error = 0, SysPrepDtcGeneralize : Exit, d:\w7rtm\com\complus\dtc\dtc\adme\deployment.cpp (1891) 
06-29-2012 13:31 : DTC Install error = 0, SysPrepDtcSpecialize : Enter, d:\w7rtm\com\complus\dtc\dtc\adme\deployment.cpp (1897) 
06-29-2012 13:31 : DTC Install error = 0, InstallContacts, Enter, d:\w7rtm\com\complus\dtc\dtc\adme\deployment.cpp (297) 
06-29-2012 13:31 : DTC Install error = 0, InstallContacts, Exit, d:\w7rtm\com\complus\dtc\dtc\adme\deployment.cpp (376) 
06-29-2012 13:31 : DTC Install error = 0, SysPrepDtcSpecialize : Exit, d:\w7rtm\com\complus\dtc\dtc\adme\deployment.cpp (1959) 
06-29-2012 13:32 : DTC Install error = 0, SysPrepDtcSpecialize : Enter, d:\w7rtm\com\complus\dtc\dtc\adme\deployment.cpp (1897) 
06-29-2012 13:32 : DTC Install error = 0, SysprepDtcSpecialize: SysprepInProgress == 0. DTC has been already specialized., d:\w7rtm\com\complus\dtc\dtc\adme\deployment.cpp (1915) 
06-29-2012 13:32 : DTC Install error = 0, SysPrepDtcSpecialize : Exit, d:\w7rtm\com\complus\dtc\dtc\adme\deployment.cpp (1959) 
